<?xml version="1.0" encoding="UTF-8"?>
<testng-results ignored="0" total="1" passed="1" failed="0" skipped="0">
  <reporter-output>
  </reporter-output>
  <suite started-at="2024-09-18T15:04:19 IST" name="Default suite" finished-at="2024-09-18T15:04:23 IST" duration-ms="4025">
    <groups>
    </groups>
    <test started-at="2024-09-18T15:04:19 IST" name="Default test" finished-at="2024-09-18T15:04:23 IST" duration-ms="4025">
      <class name="week3day2.IncidentGetRequestDeserializationTest">
        <test-method signature="FetchAllincidentsRecords()[pri:0, instance:week3day2.IncidentGetRequestDeserializationTest@60bd273d]" started-at="2024-09-18T15:04:19 IST" name="FetchAllincidentsRecords" finished-at="2024-09-18T15:04:23 IST" duration-ms="3994" status="PASS">
          <reporter-output>
          </reporter-output>
        </test-method> <!-- FetchAllincidentsRecords -->
      </class> <!-- week3day2.IncidentGetRequestDeserializationTest -->
    </test> <!-- Default test -->
  </suite> <!-- Default suite -->
</testng-results>
